{"devicePlatform":"","logFolder":"C:\\Users\\Administrator\\Katalon Studio\\insupportFatpTool\\Reports\\TS_FindTreatmentProvider_StandalonSearch\\20180603_210913","runData":{"hostName":"Administrator - 10.211.55.3","os":"Windows 7 64bit","katalonVersion":"5.4.2.1","browser":"Chrome 66.0.3359.181","hostAddress":"10.211.55.3","sessionId":"4827e7124b9de6ef89646d8bd352a5ba","seleniumVersion":"3.7.1","proxyInformation":"ProxyInformation{proxyOption\u003dNO_PROXY, proxyServerType\u003dHTTP, password\u003d, proxyServerAddress\u003d, proxyServerPort\u003d0}","platform":"Windows 7"},"type":"TEST_SUITE","name":"TS_FindTreatmentProvider_StandalonSearch","id":"Test Suites/TS_FindTreatmentProvider_StandalonSearch","source":"","message":"Test Cases/javascriptTest FAILED because (of) org.codehaus.groovy.runtime.powerassert.PowerAssertionError: assert false\n","description":"","startTime":1528074555103,"endTime":1528074564443,"childRecords":[{"isOptional":false,"type":"TEST_CASE","name":"Test Cases/javascriptTest","id":"Test Cases/javascriptTest","source":"C:\\\\Users\\\\Administrator\\\\Katalon Studio\\\\insupportFatpTool\\\\Test Cases\\\\javascriptTest.tc","message":"Test Cases/javascriptTest FAILED because (of) org.codehaus.groovy.runtime.powerassert.PowerAssertionError: assert false\n","description":"","startTime":1528074555423,"endTime":1528074563768,"childRecords":[{"testStatus":{"stackTrace":"","statusValue":"INFO"},"type":"MESSAGE","name":"","message":"Evaluating variables for test case","startTime":1528074555453,"endTime":0,"childRecords":[],"interuppted":false},{"index":1,"isIgnoredIfFailed":false,"type":"TEST_STEP","name":"openBrowser","message":"Browser is opened with url: \u0027https://www.w3schools.com/\u0027","description":"","startTime":1528074555989,"endTime":1528074561662,"childRecords":[{"testStatus":{"stackTrace":"","statusValue":"PASSED"},"type":"MESSAGE","name":"","message":"Browser is opened with url: \u0027https://www.w3schools.com/\u0027","startTime":1528074561652,"endTime":0,"childRecords":[],"interuppted":false}],"interuppted":false},{"index":2,"isIgnoredIfFailed":false,"type":"TEST_STEP","name":"Statement - driver \u003d com.kms.katalon.core.webui.driver.DriverFactory.getWebDriver()","description":"","startTime":1528074561663,"endTime":1528074561677,"childRecords":[],"interuppted":false},{"index":3,"isIgnoredIfFailed":false,"type":"TEST_STEP","name":"Statement - js \u003d driver","description":"","startTime":1528074561677,"endTime":1528074561679,"childRecords":[],"interuppted":false},{"index":4,"isIgnoredIfFailed":false,"type":"TEST_STEP","name":"Statement - domain \u003d js.executeScript(\"return document.domain\")","description":"","startTime":1528074561679,"endTime":1528074561723,"childRecords":[],"interuppted":false},{"index":5,"isIgnoredIfFailed":false,"type":"TEST_STEP","name":"Statement - assert false","description":"","startTime":1528074561724,"endTime":1528074561726,"childRecords":[],"interuppted":false},{"testStatus":{"stackTrace":"","statusValue":"FAILED"},"type":"MESSAGE","name":"","message":"Test Cases/javascriptTest FAILED because (of) org.codehaus.groovy.runtime.powerassert.PowerAssertionError: assert false\n","startTime":1528074561727,"endTime":0,"childRecords":[],"interuppted":false}],"interuppted":false}],"interuppted":false}