<?xml version="1.0" encoding="UTF-8"?>
<testsuites name="TS_FindTreatmentProvider_StandalonSearch" time="6" tests="0" failures="1" errors="0">
   <testsuite name="TS_FindTreatmentProvider_StandalonSearch" tests="0" failures="1" errors="0" time="6" timestamp="2018-06-03 21:10:22" hostname="Administrator - 10.211.55.3" id="Test Suites/TS_FindTreatmentProvider_StandalonSearch">
      <properties>
         <property name="deviceName" value=""/>
         <property name="devicePlatform" value=""/>
         <property name="logFolder" value="C:\\Users\\Administrator\\Katalon Studio\\insupportFatpTool\\Reports\\TS_FindTreatmentProvider_StandalonSearch\\20180603_211020"/>
         <property name="logFiles" value="C:\\Users\\Administrator\\Katalon Studio\\insupportFatpTool\\Reports\\TS_FindTreatmentProvider_StandalonSearch\\20180603_211020\\execution0.log"/>
         <property name="attachments" value=""/>
         <property name="hostName" value="Administrator - 10.211.55.3"/>
         <property name="os" value="Windows 7 64bit"/>
         <property name="katalonVersion" value="5.4.2.1"/>
         <property name="browser" value="Chrome 66.0.3359.181"/>
         <property name="hostAddress" value="10.211.55.3"/>
         <property name="sessionId" value="c8ba76ce9b6647ca789193fe0ab87320"/>
         <property name="seleniumVersion" value="3.7.1"/>
         <property name="proxyInformation" value="ProxyInformation{proxyOption=NO_PROXY, proxyServerType=HTTP, password=, proxyServerAddress=, proxyServerPort=0}"/>
         <property name="platform" value="Windows 7"/>
      </properties>
      <testcase name="Test Cases/javascriptTest" classname="Test Cases/javascriptTest" status="FAILED">
         <failure type="FAILED" message="org.codehaus.groovy.runtime.powerassert.PowerAssertionError: assert false
"/>
         <system-out><![CDATA[2018-06-03 21:10:22 - [TEST_CASE][FAILED] - Test Cases/javascriptTest: Test Cases/javascriptTest FAILED because (of) org.codehaus.groovy.runtime.powerassert.PowerAssertionError: assert false


2018-06-03 21:10:23 - [TEST_STEP][PASSED] - openBrowser: Browser is opened with url: 'https://www.w3schools.com/'

2018-06-03 21:10:28 - [MESSAGE][PASSED] - Browser is opened with url: 'https://www.w3schools.com/'

2018-06-03 21:10:28 - [TEST_STEP][PASSED] - Statement - driver = com.kms.katalon.core.webui.driver.DriverFactory.getWebDriver(): null

2018-06-03 21:10:28 - [TEST_STEP][PASSED] - Statement - js = driver: null

2018-06-03 21:10:28 - [TEST_STEP][PASSED] - Statement - domain = js.executeScript("return document.domain"): null

2018-06-03 21:10:28 - [TEST_STEP][PASSED] - Statement - assert false: null]]></system-out>
         <system-err><![CDATA[2018-06-03 21:10:22 - [TEST_CASE][FAILED] - Test Cases/javascriptTest: Test Cases/javascriptTest FAILED because (of) org.codehaus.groovy.runtime.powerassert.PowerAssertionError: assert false]]></system-err>
      </testcase>
      <system-out><![CDATA[2018-06-03 21:10:22 - [TEST_SUITE][FAILED] - TS_FindTreatmentProvider_StandalonSearch: Test Cases/javascriptTest FAILED because (of) org.codehaus.groovy.runtime.powerassert.PowerAssertionError: assert false]]></system-out>
      <system-err><![CDATA[2018-06-03 21:10:22 - [TEST_SUITE][FAILED] - TS_FindTreatmentProvider_StandalonSearch: Test Cases/javascriptTest FAILED because (of) org.codehaus.groovy.runtime.powerassert.PowerAssertionError: assert false]]></system-err>
   </testsuite>
</testsuites>
